<?xml version="1.0" encoding="UTF-8"?>
<testsuite xmlns:xsi="http://www.w3.org/2001/XMLSchema-instance" xsi:noNamespaceSchemaLocation="https://maven.apache.org/surefire/maven-surefire-plugin/xsd/surefire-test-report-3.0.xsd" version="3.0" name="com.example.JakartaStudyProject.JakartaStudyProjectApplicationTests" time="1.241" tests="1" errors="0" skipped="0" failures="0">
  <properties>
[...]
</properties>
  <testcase name="contextLoads" classname="com.example.JakartaStudyProject.JakartaStudyProjectApplicationTests" time="0.542">
    <system-out><![CDATA[22:27:31.711 [main] INFO org.springframework.test.context.support.AnnotationConfigContextLoaderUtils -- Could not detect default configuration classes for test class [com.example.JakartaStudyProject.JakartaStudyProjectApplicationTests]: JakartaStudyProjectApplicationTests does not declare any static, non-private, non-final, nested classes annotated with @Configuration.
22:27:31.771 [main] INFO org.springframework.boot.test.context.SpringBootTestContextBootstrapper -- Found @SpringBootConfiguration com.example.JakartaStudyProject.JakartaStudyProjectApplication for test class com.example.JakartaStudyProject.JakartaStudyProjectApplicationTests

  .   ____          _            __ _ _
 /\\ / ___'_ __ _ _(_)_ __  __ _ \ \ \ \
( ( )\___ | '_ | '_| | '_ \/ _` | \ \ \ \
 \\/  ___)| |_)| | | | | || (_| |  ) ) ) )
  '  |____| .__|_| |_|_| |_\__, | / / / /
 =========|_|==============|___/=/_/_/_/
 :: Spring Boot ::                (v3.1.1)

2023-07-14T22:27:32.020+02:00  INFO 20572 --- [           main] .e.J.JakartaStudyProjectApplicationTests : Starting JakartaStudyProjectApplicationTests using Java 17.0.1 with PID 20572 (started by Shoto in C:\Users\Shoto\IdeaProjects\JakartaStudyProject)
2023-07-14T22:27:32.021+02:00  INFO 20572 --- [           main] .e.J.JakartaStudyProjectApplicationTests : No active profile set, falling back to 1 default profile: "default"
2023-07-14T22:27:32.302+02:00  INFO 20572 --- [           main] .e.J.JakartaStudyProjectApplicationTests : Started JakartaStudyProjectApplicationTests in 0.436 seconds (process running for 1.016)
]]></system-out>
  </testcase>
</testsuite>